Counting test cases...
32 test cases found

test_cases_per_board: 2, rest: 2
board: 0, index_start: 1, index_end: 3, openocd_port: 6666, openocd_bus_port: 3-1.3.4
board: 1, index_start: 3, index_end: 5, openocd_port: 6667, openocd_bus_port: 3-1.4.3
board: 2, index_start: 5, index_end: 6, openocd_port: 6668, openocd_bus_port: 3-1.2.4
board: 3, index_start: 7, index_end: 8, openocd_port: 6669, openocd_bus_port: 3-1.3.3
board: 4, index_start: 9, index_end: 10, openocd_port: 6670, openocd_bus_port: 3-1.4.2
board: 5, index_start: 11, index_end: 12, openocd_port: 6671, openocd_bus_port: 3-1.1.4
board: 6, index_start: 13, index_end: 14, openocd_port: 6672, openocd_bus_port: 3-1.2.3
board: 7, index_start: 15, index_end: 16, openocd_port: 6673, openocd_bus_port: 3-1.3.2
board: 8, index_start: 17, index_end: 18, openocd_port: 6674, openocd_bus_port: 3-1.4.1
board: 9, index_start: 19, index_end: 20, openocd_port: 6675, openocd_bus_port: 3-1.1.3
board: 10, index_start: 21, index_end: 22, openocd_port: 6676, openocd_bus_port: 3-1.2.2
board: 11, index_start: 23, index_end: 24, openocd_port: 6677, openocd_bus_port: 3-1.3.1
board: 12, index_start: 25, index_end: 26, openocd_port: 6678, openocd_bus_port: 3-1.1.2
board: 13, index_start: 27, index_end: 28, openocd_port: 6679, openocd_bus_port: 3-1.2.1
board: 14, index_start: 29, index_end: 30, openocd_port: 6680, openocd_bus_port: 3-1.1.1

Fuzzing session completed: cmd_register_codes_2023-08-23T18-52-02.356291
Runtime: 0:00:00.046104
Test Summary: 2 tests ran.
PASSED: 2 test cases.


Fuzzing session completed: cmd_register_codes_2023-08-23T18-52-02.356045
Runtime: 0:00:00.045385
Test Summary: 2 tests ran.
PASSED: 2 test cases.


Fuzzing session completed: cmd_register_codes_2023-08-23T18-52-02.359645
Runtime: 0:00:00.044896
Test Summary: 2 tests ran.
PASSED: 2 test cases.


Fuzzing session completed: cmd_register_codes_2023-08-23T18-52-02.359838
Runtime: 0:00:00.045956
Test Summary: 2 tests ran.
PASSED: 2 test cases.


Fuzzing session completed: cmd_register_codes_2023-08-23T18-52-02.359668
Runtime: 0:00:00.048252
Test Summary: 2 tests ran.
PASSED: 2 test cases.


Fuzzing session completed: cmd_register_codes_2023-08-23T18-52-02.359677
Runtime: 0:00:00.044563
Test Summary: 2 tests ran.
PASSED: 2 test cases.
FAILED: 1 test cases:
25: cmd_request:[cmd_request.fuzzed_cmd_value:24]


Fuzzing session completed: cmd_register_codes_2023-08-23T18-52-02.356120
Runtime: 0:00:00.044745
Test Summary: 2 tests ran.
PASSED: 2 test cases.


Fuzzing session completed: cmd_register_codes_2023-08-23T18-52-02.355838
Runtime: 0:00:00.069929
Test Summary: 3 tests ran.
PASSED: 3 test cases.


Fuzzing session completed: cmd_register_codes_2023-08-23T18-52-02.355894
Runtime: 0:00:00.043407
Test Summary: 2 tests ran.
PASSED: 2 test cases.


Fuzzing session completed: cmd_register_codes_2023-08-23T18-52-02.355920
Runtime: 0:00:00.040535
Test Summary: 2 tests ran.
PASSED: 2 test cases.


Fuzzing session completed: cmd_register_codes_2023-08-23T18-52-02.359462
Runtime: 0:00:00.041514
Test Summary: 2 tests ran.
PASSED: 2 test cases.
FAILED: 1 test cases:
19: cmd_request:[cmd_request.fuzzed_cmd_value:18]


Fuzzing session completed: cmd_register_codes_2023-08-23T18-52-02.360004
Runtime: 0:00:00.043604
Test Summary: 2 tests ran.
PASSED: 2 test cases.
FAILED: 1 test cases:
29: cmd_request:[cmd_request.fuzzed_cmd_value:28]


Fuzzing session completed: cmd_register_codes_2023-08-23T18-52-02.356814
Runtime: 0:00:00.043493
Test Summary: 2 tests ran.
PASSED: 2 test cases.


Fuzzing session completed: cmd_register_codes_2023-08-23T18-52-02.355816
Runtime: 0:00:00.064826
Test Summary: 3 tests ran.
PASSED: 3 test cases.


Fuzzing session completed: cmd_register_codes_2023-08-23T18-52-02.359462
Runtime: 0:00:00.032872
Test Summary: 2 tests ran.
PASSED: 2 test cases.
FAILED: 1 test cases:
17: cmd_request:[cmd_request.fuzzed_cmd_value:16]


real	0m0,771s
user	0m0,747s
sys	0m0,210s
