Counting test cases...
32 test cases found

test_cases_per_board: 2, rest: 2
board: 0, index_start: 1, index_end: 3, openocd_port: 6666, openocd_bus_port: 3-1.3.4
board: 1, index_start: 3, index_end: 5, openocd_port: 6667, openocd_bus_port: 3-1.4.3
board: 2, index_start: 5, index_end: 6, openocd_port: 6668, openocd_bus_port: 3-1.2.4
board: 3, index_start: 7, index_end: 8, openocd_port: 6669, openocd_bus_port: 3-1.3.3
board: 4, index_start: 9, index_end: 10, openocd_port: 6670, openocd_bus_port: 3-1.4.2
board: 5, index_start: 11, index_end: 12, openocd_port: 6671, openocd_bus_port: 3-1.1.4
board: 6, index_start: 13, index_end: 14, openocd_port: 6672, openocd_bus_port: 3-1.2.3
board: 7, index_start: 15, index_end: 16, openocd_port: 6673, openocd_bus_port: 3-1.3.2
board: 8, index_start: 17, index_end: 18, openocd_port: 6674, openocd_bus_port: 3-1.4.1
board: 9, index_start: 19, index_end: 20, openocd_port: 6675, openocd_bus_port: 3-1.1.3
board: 10, index_start: 21, index_end: 22, openocd_port: 6676, openocd_bus_port: 3-1.2.2
board: 11, index_start: 23, index_end: 24, openocd_port: 6677, openocd_bus_port: 3-1.3.1
board: 12, index_start: 25, index_end: 26, openocd_port: 6678, openocd_bus_port: 3-1.1.2
board: 13, index_start: 27, index_end: 28, openocd_port: 6679, openocd_bus_port: 3-1.2.1
board: 14, index_start: 29, index_end: 30, openocd_port: 6680, openocd_bus_port: 3-1.1.1

Fuzzing session completed: header_type_opcode_2023-08-31T21-45-24.718731
Runtime: 0:00:00.058758
Test Summary: 2 tests ran.
PASSED: 2 test cases.


Fuzzing session completed: header_type_opcode_2023-08-31T21-45-24.719513
Runtime: 0:00:00.048675
Test Summary: 2 tests ran.
PASSED: 2 test cases.


Fuzzing session completed: header_type_opcode_2023-08-31T21-45-24.722939
Runtime: 0:00:00.053308
Test Summary: 2 tests ran.
PASSED: 2 test cases.
FAILED: 2 test cases:
21: header_type_opcode_request:[header_type_opcode_request.fuzzed_read_from_wbstar:20]
22: header_type_opcode_request:[header_type_opcode_request.fuzzed_read_from_wbstar:21]


Fuzzing session completed: header_type_opcode_2023-08-31T21-45-24.722001
Runtime: 0:00:00.046681
Test Summary: 2 tests ran.
PASSED: 2 test cases.


Fuzzing session completed: header_type_opcode_2023-08-31T21-45-24.719663
Runtime: 0:00:00.048101
Test Summary: 2 tests ran.
PASSED: 2 test cases.


Fuzzing session completed: header_type_opcode_2023-08-31T21-45-24.719516
Runtime: 0:00:00.046383
Test Summary: 2 tests ran.
PASSED: 2 test cases.


Fuzzing session completed: header_type_opcode_2023-08-31T21-45-24.725509
Runtime: 0:00:00.043723
Test Summary: 2 tests ran.
PASSED: 2 test cases.


Fuzzing session completed: header_type_opcode_2023-08-31T21-45-24.723093
Runtime: 0:00:00.049732
Test Summary: 2 tests ran.
PASSED: 2 test cases.
FAILED: 2 test cases:
23: header_type_opcode_request:[header_type_opcode_request.fuzzed_read_from_wbstar:22]
24: header_type_opcode_request:[header_type_opcode_request.fuzzed_read_from_wbstar:23]


Fuzzing session completed: header_type_opcode_2023-08-31T21-45-24.719412
Runtime: 0:00:00.042989
Test Summary: 2 tests ran.
PASSED: 2 test cases.


Fuzzing session completed: header_type_opcode_2023-08-31T21-45-24.722997
Runtime: 0:00:00.047672
Test Summary: 2 tests ran.
PASSED: 2 test cases.
FAILED: 1 test cases:
26: header_type_opcode_request:[header_type_opcode_request.fuzzed_read_from_wbstar:25]


Fuzzing session completed: header_type_opcode_2023-08-31T21-45-24.724348
Runtime: 0:00:00.042857
Test Summary: 2 tests ran.
PASSED: 2 test cases.


Fuzzing session completed: header_type_opcode_2023-08-31T21-45-24.722852
Runtime: 0:00:00.044387
Test Summary: 2 tests ran.
PASSED: 2 test cases.


Fuzzing session completed: header_type_opcode_2023-08-31T21-45-24.723380
Runtime: 0:00:00.046397
Test Summary: 2 tests ran.
PASSED: 2 test cases.
FAILED: 2 test cases:
27: header_type_opcode_request:[header_type_opcode_request.fuzzed_read_from_wbstar:26]
28: header_type_opcode_request:[header_type_opcode_request.fuzzed_read_from_wbstar:27]


Fuzzing session completed: header_type_opcode_2023-08-31T21-45-24.719341
Runtime: 0:00:00.066082
Test Summary: 3 tests ran.
PASSED: 3 test cases.


Fuzzing session completed: header_type_opcode_2023-08-31T21-45-24.719346
Runtime: 0:00:00.063582
Test Summary: 3 tests ran.
PASSED: 3 test cases.


real	0m0,720s
user	0m0,809s
sys	0m0,252s
